TN:
SF:js/multiplication.js
FN:1,multiplication
FNF:1
FNH:1
FNDA:1,multiplication
DA:2,1
DA:6,1
LF:2
LH:2
BRF:0
BRH:0
end_of_record
TN:
SF:js/subtract.js
FN:1,subtract
FNF:1
FNH:1
FNDA:1,subtract
DA:2,1
DA:6,1
LF:2
LH:2
BRF:0
BRH:0
end_of_record
TN:
SF:js/sum.js
FN:1,sum
FNF:1
FNH:1
FNDA:1,sum
DA:2,1
DA:5,1
LF:2
LH:2
BRF:0
BRH:0
end_of_record
TN:
SF:js/otula/src/add.js
FN:16,(anonymous_0)
FNF:1
FNH:1
FNDA:1,(anonymous_0)
DA:16,1
LF:1
LH:1
BRF:0
BRH:0
end_of_record
TN:
SF:js/otula/src/get.js
FN:27,get
FNF:1
FNH:1
FNDA:1,get
DA:28,1
DA:29,1
LF:2
LH:2
BRDA:28,0,0,1
BRDA:28,0,1,0
BRDA:29,1,0,1
BRDA:29,1,1,0
BRF:4
BRH:2
end_of_record
TN:
SF:js/otula/src/isArguments.js
FN:19,isArguments
FNF:1
FNH:0
FNDA:0,isArguments
DA:20,0
LF:1
LH:0
BRDA:20,0,0,0
BRDA:20,0,1,0
BRF:2
BRH:0
end_of_record
TN:
SF:js/otula/src/isArrayLike.js
FN:26,isArrayLike
FNF:1
FNH:1
FNDA:1,isArrayLike
DA:27,1
LF:1
LH:1
BRDA:27,0,0,1
BRDA:27,0,1,1
BRDA:27,0,2,1
BRF:3
BRH:3
end_of_record
TN:
SF:js/otula/src/isBuffer.js
FN:33,(anonymous_0)
FNF:1
FNH:0
FNDA:0,(anonymous_0)
DA:4,2
DA:7,2
DA:10,2
DA:13,2
DA:16,2
DA:33,2
LF:6
LH:6
BRDA:4,0,0,2
BRDA:4,0,1,2
BRDA:4,0,2,2
BRDA:4,0,3,2
BRDA:7,1,0,2
BRDA:7,1,1,2
BRDA:7,1,2,2
BRDA:7,1,3,2
BRDA:7,1,4,2
BRDA:10,2,0,2
BRDA:10,2,1,2
BRDA:13,3,0,2
BRDA:13,3,1,0
BRDA:16,4,0,2
BRDA:16,4,1,0
BRDA:33,5,0,2
BRDA:33,5,1,0
BRF:17
BRH:14
end_of_record
TN:
SF:js/otula/src/isEmpty.js
FN:45,isEmpty
FNF:1
FNH:1
FNDA:1,isEmpty
DA:9,1
DA:46,1
DA:47,0
DA:49,1
DA:52,0
DA:54,1
DA:55,1
DA:56,0
DA:58,1
DA:59,0
DA:61,1
DA:62,0
DA:63,0
DA:66,1
LF:14
LH:8
BRDA:46,0,0,0
BRDA:46,0,1,1
BRDA:49,1,0,0
BRDA:49,1,1,1
BRDA:49,2,0,1
BRDA:49,2,1,0
BRDA:49,2,2,0
BRDA:49,2,3,0
BRDA:49,2,4,0
BRDA:49,2,5,0
BRDA:49,2,6,0
BRDA:55,3,0,0
BRDA:55,3,1,1
BRDA:55,4,0,1
BRDA:55,4,1,1
BRDA:58,5,0,0
BRDA:58,5,1,1
BRDA:62,6,0,0
BRDA:62,6,1,0
BRF:19
BRH:7
end_of_record
TN:
SF:js/otula/src/isLength.js
FN:28,isLength
FNF:1
FNH:1
FNDA:1,isLength
DA:2,2
DA:29,1
LF:2
LH:2
BRDA:29,0,0,1
BRDA:29,0,1,0
BRDA:29,0,2,0
BRDA:29,0,3,0
BRF:4
BRH:1
end_of_record
TN:
SF:js/otula/src/isObjectLike.js
FN:23,isObjectLike
FNF:1
FNH:0
FNDA:0,isObjectLike
DA:24,0
LF:1
LH:0
BRDA:24,0,0,0
BRDA:24,0,1,0
BRF:2
BRH:0
end_of_record
TN:
SF:js/otula/src/isSymbol.js
FN:18,isSymbol
FNF:1
FNH:0
FNDA:0,isSymbol
DA:19,0
DA:20,0
LF:2
LH:0
BRDA:20,0,0,0
BRDA:20,0,1,0
BRDA:20,0,2,0
BRDA:20,0,3,0
BRF:4
BRH:0
end_of_record
TN:
SF:js/otula/src/isTypedArray.js
FN:27,(anonymous_0)
FN:28,(anonymous_1)
FNF:2
FNH:0
FNDA:0,(anonymous_0)
FNDA:0,(anonymous_1)
DA:6,2
DA:9,2
DA:26,2
DA:27,0
DA:28,0
LF:5
LH:3
BRDA:9,0,0,2
BRDA:9,0,1,2
BRDA:26,1,0,2
BRDA:26,1,1,0
BRDA:28,2,0,0
BRDA:28,2,1,0
BRF:6
BRH:3
end_of_record
TN:
SF:js/otula/src/keys.js
FN:31,keys
FNF:1
FNH:0
FNDA:0,keys
DA:32,0
LF:1
LH:0
BRDA:32,0,0,0
BRDA:32,0,1,0
BRF:2
BRH:0
end_of_record
TN:
SF:js/otula/src/map.js
FN:19,map
FNF:1
FNH:1
FNDA:1,map
DA:20,1
DA:21,1
DA:22,1
DA:24,1
DA:25,0
DA:27,1
LF:6
LH:5
BRDA:21,0,0,0
BRDA:21,0,1,1
BRF:2
BRH:1
end_of_record
TN:
SF:js/otula/src/memoize.js
FN:43,memoize
FN:47,(anonymous_1)
FNF:2
FNH:1
FNDA:1,memoize
FNDA:0,(anonymous_1)
DA:44,1
DA:45,0
DA:47,1
DA:48,0
DA:49,0
DA:51,0
DA:52,0
DA:54,0
DA:55,0
DA:56,0
DA:58,1
DA:59,1
DA:62,1
LF:13
LH:5
BRDA:44,0,0,0
BRDA:44,0,1,1
BRDA:44,1,0,1
BRDA:44,1,1,1
BRDA:44,1,2,1
BRDA:48,2,0,0
BRDA:48,2,1,0
BRDA:51,3,0,0
BRDA:51,3,1,0
BRDA:55,4,0,0
BRDA:55,4,1,0
BRDA:58,5,0,1
BRDA:58,5,1,0
BRF:13
BRH:5
end_of_record
TN:
SF:js/otula/src/reduce.js
FN:38,reduce
FNF:1
FNH:1
FNDA:1,reduce
DA:39,1
DA:40,1
DA:41,1
LF:3
LH:3
BRDA:39,0,0,1
BRDA:39,0,1,0
BRF:2
BRH:1
end_of_record
TN:
SF:js/otula/src/slice.js
FN:21,slice
FNF:1
FNH:0
FNDA:0,slice
DA:22,0
DA:23,0
DA:24,0
DA:26,0
DA:27,0
DA:29,0
DA:30,0
DA:32,0
DA:33,0
DA:35,0
DA:36,0
DA:38,0
DA:39,0
DA:40,0
DA:41,0
DA:43,0
LF:16
LH:0
BRDA:22,0,0,0
BRDA:22,0,1,0
BRDA:23,1,0,0
BRDA:23,1,1,0
BRDA:26,2,0,0
BRDA:26,2,1,0
BRDA:27,3,0,0
BRDA:27,3,1,0
BRDA:29,4,0,0
BRDA:29,4,1,0
BRDA:30,5,0,0
BRDA:30,5,1,0
BRDA:32,6,0,0
BRDA:32,6,1,0
BRDA:35,7,0,0
BRDA:35,7,1,0
BRF:16
BRH:0
end_of_record
TN:
SF:js/otula/src/upperFirst.js
FNF:0
FNH:0
DA:19,1
LF:1
LH:1
BRF:0
BRH:0
end_of_record
TN:
SF:js/otula/src/.internal/arrayLikeKeys.js
FN:17,arrayLikeKeys
FNF:1
FNH:0
FNDA:0,arrayLikeKeys
DA:7,1
DA:18,0
DA:19,0
DA:20,0
DA:21,0
DA:22,0
DA:23,0
DA:24,0
DA:25,0
DA:26,0
DA:27,0
DA:29,0
DA:30,0
DA:37,0
DA:40,0
LF:15
LH:1
BRDA:19,0,0,0
BRDA:19,0,1,0
BRDA:20,1,0,0
BRDA:20,1,1,0
BRDA:20,1,2,0
BRDA:21,2,0,0
BRDA:21,2,1,0
BRDA:21,2,2,0
BRDA:21,2,3,0
BRDA:22,3,0,0
BRDA:22,3,1,0
BRDA:22,3,2,0
BRDA:22,3,3,0
BRDA:24,4,0,0
BRDA:24,4,1,0
BRDA:25,5,0,0
BRDA:25,5,1,0
BRDA:30,6,0,0
BRDA:30,6,1,0
BRDA:30,7,0,0
BRDA:30,7,1,0
BRDA:30,7,2,0
BRDA:31,8,0,0
BRDA:31,8,1,0
BRDA:31,8,2,0
BRF:25
BRH:0
end_of_record
TN:
SF:js/otula/src/.internal/arrayReduce.js
FN:12,arrayReduce
FNF:1
FNH:1
FNDA:1,arrayReduce
DA:13,1
DA:14,1
DA:16,1
DA:17,0
DA:19,1
DA:20,2
DA:22,1
LF:7
LH:6
BRDA:14,0,0,0
BRDA:14,0,1,1
BRDA:16,1,0,0
BRDA:16,1,1,1
BRDA:16,2,0,1
BRDA:16,2,1,0
BRF:6
BRH:3
end_of_record
TN:
SF:js/otula/src/.internal/asciiToArray.js
FN:8,asciiToArray
FNF:1
FNH:0
FNDA:0,asciiToArray
DA:9,0
LF:1
LH:0
BRF:0
BRH:0
end_of_record
TN:
SF:js/otula/src/.internal/baseEach.js
FN:12,baseEach
FNF:1
FNH:0
FNDA:0,baseEach
DA:13,0
DA:14,0
DA:16,0
DA:17,0
DA:19,0
DA:20,0
DA:21,0
DA:23,0
DA:24,0
DA:25,0
DA:28,0
LF:11
LH:0
BRDA:13,0,0,0
BRDA:13,0,1,0
BRDA:16,1,0,0
BRDA:16,1,1,0
BRDA:24,2,0,0
BRDA:24,2,1,0
BRF:6
BRH:0
end_of_record
TN:
SF:js/otula/src/.internal/baseFor.js
FN:12,baseFor
FNF:1
FNH:0
FNDA:0,baseFor
DA:13,0
DA:14,0
DA:15,0
DA:16,0
DA:18,0
DA:19,0
DA:20,0
DA:21,0
DA:24,0
LF:9
LH:0
BRDA:20,0,0,0
BRDA:20,0,1,0
BRF:2
BRH:0
end_of_record
TN:
SF:js/otula/src/.internal/baseForOwn.js
FN:12,baseForOwn
FNF:1
FNH:0
FNDA:0,baseForOwn
DA:13,0
LF:1
LH:0
BRDA:13,0,0,0
BRDA:13,0,1,0
BRF:2
BRH:0
end_of_record
TN:
SF:js/otula/src/.internal/baseGet.js
FN:12,baseGet
FNF:1
FNH:0
FNDA:0,baseGet
DA:13,0
DA:15,0
DA:16,0
DA:18,0
DA:19,0
DA:21,0
LF:6
LH:0
BRDA:18,0,0,0
BRDA:18,0,1,0
BRDA:21,1,0,0
BRDA:21,1,1,0
BRDA:21,2,0,0
BRDA:21,2,1,0
BRF:6
BRH:0
end_of_record
TN:
SF:js/otula/src/.internal/baseReduce.js
FN:14,baseReduce
FN:15,(anonymous_1)
FNF:2
FNH:0
FNDA:0,baseReduce
FNDA:0,(anonymous_1)
DA:15,0
DA:16,0
DA:20,0
LF:3
LH:0
BRDA:16,0,0,0
BRDA:16,0,1,0
BRF:2
BRH:0
end_of_record
TN:
SF:js/otula/src/.internal/baseToNumber.js
FN:14,baseToNumber
FNF:1
FNH:1
FNDA:2,baseToNumber
DA:4,1
DA:15,2
DA:16,2
DA:18,0
DA:19,0
DA:21,0
LF:6
LH:3
BRDA:15,0,0,2
BRDA:15,0,1,0
BRDA:18,1,0,0
BRDA:18,1,1,0
BRF:4
BRH:1
end_of_record
TN:
SF:js/otula/src/.internal/baseToString.js
FN:17,baseToString
FNF:1
FNH:0
FNDA:0,baseToString
DA:4,1
DA:7,1
DA:19,0
DA:20,0
DA:22,0
DA:24,0
DA:26,0
DA:27,0
DA:29,0
DA:30,0
LF:10
LH:2
BRDA:19,0,0,0
BRDA:19,0,1,0
BRDA:22,1,0,0
BRDA:22,1,1,0
BRDA:26,2,0,0
BRDA:26,2,1,0
BRDA:27,3,0,0
BRDA:27,3,1,0
BRDA:30,4,0,0
BRDA:30,4,1,0
BRDA:30,5,0,0
BRDA:30,5,1,0
BRF:12
BRH:0
end_of_record
TN:
SF:js/otula/src/.internal/castPath.js
FN:12,castPath
FNF:1
FNH:0
FNDA:0,castPath
DA:13,0
DA:14,0
DA:16,0
LF:3
LH:0
BRDA:13,0,0,0
BRDA:13,0,1,0
BRDA:16,1,0,0
BRDA:16,1,1,0
BRF:4
BRH:0
end_of_record
TN:
SF:js/otula/src/.internal/castSlice.js
FN:12,castSlice
FNF:1
FNH:0
FNDA:0,castSlice
DA:13,0
DA:14,0
DA:15,0
LF:3
LH:0
BRDA:14,0,0,0
BRDA:14,0,1,0
BRDA:15,1,0,0
BRDA:15,1,1,0
BRDA:15,2,0,0
BRDA:15,2,1,0
BRF:6
BRH:0
end_of_record
TN:
SF:js/otula/src/.internal/createCaseFirst.js
FN:12,createCaseFirst
FN:13,(anonymous_1)
FNF:2
FNH:2
FNDA:1,createCaseFirst
FNDA:1,(anonymous_1)
DA:13,1
DA:14,1
DA:15,0
DA:18,1
DA:22,1
DA:26,1
DA:30,1
LF:7
LH:6
BRDA:14,0,0,0
BRDA:14,0,1,1
BRDA:18,1,0,0
BRDA:18,1,1,1
BRDA:22,2,0,0
BRDA:22,2,1,1
BRDA:26,3,0,0
BRDA:26,3,1,1
BRF:8
BRH:4
end_of_record
TN:
SF:js/otula/src/.internal/createMathOperation.js
FN:12,createMathOperation
FN:13,(anonymous_1)
FNF:2
FNH:2
FNDA:1,createMathOperation
FNDA:1,(anonymous_1)
DA:13,1
DA:14,1
DA:15,0
DA:17,1
DA:18,0
DA:20,1
DA:21,0
DA:23,1
DA:24,0
DA:25,0
DA:28,1
DA:29,1
DA:31,1
LF:13
LH:8
BRDA:14,0,0,0
BRDA:14,0,1,1
BRDA:14,1,0,1
BRDA:14,1,1,0
BRDA:17,2,0,0
BRDA:17,2,1,1
BRDA:17,3,0,1
BRDA:17,3,1,1
BRDA:20,4,0,0
BRDA:20,4,1,1
BRDA:20,5,0,1
BRDA:20,5,1,1
BRDA:23,6,0,0
BRDA:23,6,1,1
BRDA:23,7,0,1
BRDA:23,7,1,1
BRF:16
BRH:11
end_of_record
TN:
SF:js/otula/src/.internal/freeGlobal.js
FNF:0
FNH:0
DA:2,2
LF:1
LH:1
BRDA:2,0,0,2
BRDA:2,0,1,2
BRDA:2,0,2,2
BRDA:2,0,3,2
BRF:4
BRH:4
end_of_record
TN:
SF:js/otula/src/.internal/getTag.js
FN:10,getTag
FNF:1
FNH:1
FNDA:1,getTag
DA:1,4
DA:11,1
DA:12,0
DA:14,1
LF:4
LH:3
BRDA:11,0,0,0
BRDA:11,0,1,1
BRDA:12,1,0,0
BRDA:12,1,1,0
BRF:4
BRH:1
end_of_record
TN:
SF:js/otula/src/.internal/hasUnicode.js
FN:24,hasUnicode
FNF:1
FNH:1
FNDA:1,hasUnicode
DA:2,1
DA:3,1
DA:4,1
DA:5,1
DA:6,1
DA:7,1
DA:8,1
DA:9,1
DA:12,1
DA:15,1
DA:25,1
LF:11
LH:11
BRF:0
BRH:0
end_of_record
TN:
SF:js/otula/src/.internal/isIndex.js
FN:15,isIndex
FNF:1
FNH:0
FNDA:0,isIndex
DA:2,1
DA:5,1
DA:16,0
DA:17,0
DA:19,0
LF:5
LH:2
BRDA:17,0,0,0
BRDA:17,0,1,0
BRDA:19,1,0,0
BRDA:19,1,1,0
BRDA:19,1,2,0
BRDA:19,1,3,0
BRDA:19,1,4,0
BRDA:19,1,5,0
BRDA:19,1,6,0
BRF:9
BRH:0
end_of_record
TN:
SF:js/otula/src/.internal/isKey.js
FN:15,isKey
FNF:1
FNH:0
FNDA:0,isKey
DA:4,1
DA:5,1
DA:16,0
DA:17,0
DA:19,0
DA:20,0
DA:21,0
DA:23,0
LF:8
LH:2
BRDA:16,0,0,0
BRDA:16,0,1,0
BRDA:20,1,0,0
BRDA:20,1,1,0
BRDA:20,2,0,0
BRDA:20,2,1,0
BRDA:20,2,2,0
BRDA:20,2,3,0
BRDA:23,3,0,0
BRDA:23,3,1,0
BRDA:23,3,2,0
BRDA:23,3,3,0
BRF:12
BRH:0
end_of_record
TN:
SF:js/otula/src/.internal/isPrototype.js
FN:11,isPrototype
FNF:1
FNH:1
FNDA:1,isPrototype
DA:2,1
DA:12,1
DA:13,1
DA:15,1
LF:4
LH:4
BRDA:12,0,0,1
BRDA:12,0,1,1
BRDA:13,1,0,1
BRDA:13,1,1,1
BRDA:13,1,2,0
BRF:5
BRH:4
end_of_record
TN:
SF:js/otula/src/.internal/memoizeCapped.js
FN:14,memoizeCapped
FN:15,(anonymous_1)
FNF:2
FNH:1
FNDA:1,memoizeCapped
FNDA:0,(anonymous_1)
DA:4,1
DA:15,1
DA:16,0
DA:17,0
DA:18,0
DA:20,0
DA:23,1
LF:7
LH:3
BRDA:17,0,0,0
BRDA:17,0,1,0
BRF:2
BRH:0
end_of_record
TN:
SF:js/otula/src/.internal/nodeTypes.js
FN:16,(anonymous_0)
FNF:1
FNH:1
FNDA:2,(anonymous_0)
DA:4,2
DA:7,2
DA:10,2
DA:13,2
DA:16,2
DA:17,2
DA:20,2
DA:21,2
LF:8
LH:8
BRDA:4,0,0,2
BRDA:4,0,1,2
BRDA:4,0,2,2
BRDA:4,0,3,2
BRDA:7,1,0,2
BRDA:7,1,1,2
BRDA:7,1,2,2
BRDA:7,1,3,2
BRDA:7,1,4,2
BRDA:10,2,0,2
BRDA:10,2,1,2
BRDA:13,3,0,2
BRDA:13,3,1,2
BRDA:20,4,0,2
BRDA:20,4,1,2
BRDA:20,4,2,2
BRDA:21,5,0,2
BRDA:21,5,1,0
BRDA:24,6,0,0
BRDA:24,6,1,0
BRDA:24,6,2,0
BRF:21
BRH:17
end_of_record
TN:
SF:js/otula/src/.internal/root.js
FNF:0
FNH:0
DA:5,2
DA:8,2
DA:11,2
LF:3
LH:3
BRDA:5,0,0,2
BRDA:5,0,1,2
BRDA:5,0,2,2
BRDA:5,0,3,2
BRDA:8,1,0,2
BRDA:8,1,1,0
BRDA:8,1,2,0
BRDA:8,1,3,0
BRDA:11,2,0,2
BRDA:11,2,1,0
BRDA:11,2,2,0
BRDA:11,2,3,0
BRF:12
BRH:6
end_of_record
TN:
SF:js/otula/src/.internal/stringToArray.js
FN:12,stringToArray
FNF:1
FNH:0
FNDA:0,stringToArray
DA:13,0
LF:1
LH:0
BRDA:13,0,0,0
BRDA:13,0,1,0
BRF:2
BRH:0
end_of_record
TN:
SF:js/otula/src/.internal/stringToPath.js
FN:26,(anonymous_0)
FN:31,(anonymous_1)
FNF:2
FNH:0
FNDA:0,(anonymous_0)
FNDA:0,(anonymous_1)
DA:3,1
DA:4,1
DA:5,1
DA:26,1
DA:27,0
DA:28,0
DA:29,0
DA:31,0
DA:32,0
DA:33,0
DA:34,0
DA:36,0
DA:37,0
DA:39,0
DA:41,0
LF:15
LH:4
BRDA:28,0,0,0
BRDA:28,0,1,0
BRDA:33,1,0,0
BRDA:33,1,1,0
BRDA:36,2,0,0
BRDA:36,2,1,0
BRF:6
BRH:0
end_of_record
TN:
SF:js/otula/src/.internal/toKey.js
FN:13,toKey
FNF:1
FNH:0
FNDA:0,toKey
DA:4,1
DA:14,0
DA:15,0
DA:17,0
DA:18,0
LF:5
LH:1
BRDA:14,0,0,0
BRDA:14,0,1,0
BRDA:14,1,0,0
BRDA:14,1,1,0
BRDA:18,2,0,0
BRDA:18,2,1,0
BRDA:18,3,0,0
BRDA:18,3,1,0
BRF:8
BRH:0
end_of_record
TN:
SF:js/otula/src/.internal/unicodeToArray.js
FN:39,unicodeToArray
FNF:1
FNH:0
FNDA:0,unicodeToArray
DA:2,1
DA:3,1
DA:4,1
DA:5,1
DA:6,1
DA:7,1
DA:8,1
DA:9,1
DA:12,1
DA:13,1
DA:14,1
DA:15,1
DA:16,1
DA:17,1
DA:18,1
DA:19,1
DA:22,1
DA:23,1
DA:24,1
DA:25,1
DA:26,1
DA:27,1
DA:30,1
DA:40,0
LF:24
LH:23
BRDA:40,0,0,0
BRDA:40,0,1,0
BRF:2
BRH:0
end_of_record
